0 info it worked if it ends with ok
1 verbose cli [ '/usr/bin/nodejs',
1 verbose cli   '/usr/bin/npm',
1 verbose cli   'install',
1 verbose cli   '-g',
1 verbose cli   'typescript' ]
2 info using npm@3.5.2
3 info using node@v4.2.6
4 silly loadCurrentTree Starting
5 silly install loadCurrentTree
6 silly install readGlobalPackageData
7 silly fetchPackageMetaData typescript
8 silly fetchNamedPackageData typescript
9 silly mapToRegistry name typescript
10 silly mapToRegistry using default registry
11 silly mapToRegistry registry https://registry.npmjs.org/
12 silly mapToRegistry uri https://registry.npmjs.org/typescript
13 verbose request uri https://registry.npmjs.org/typescript
14 verbose request no auth needed
15 info attempt registry request try #1 at 3:22:26 PM
16 verbose request id 5443fb0c080b5431
17 verbose etag "2ZP6S4H1QVY2EOXEOBOZWXPG9"
18 http request GET https://registry.npmjs.org/typescript
19 http 200 https://registry.npmjs.org/typescript
20 verbose headers { server: 'CouchDB/1.6.1 (Erlang OTP/R16B03)',
20 verbose headers   etag: '"3JBC170AG431APLT8LIHQU7R3"',
20 verbose headers   'content-type': 'application/json',
20 verbose headers   'content-encoding': 'gzip',
20 verbose headers   'cache-control': 'max-age=300',
20 verbose headers   'content-length': '76660',
20 verbose headers   'accept-ranges': 'bytes',
20 verbose headers   date: 'Wed, 19 Oct 2016 19:22:26 GMT',
20 verbose headers   via: '1.1 varnish',
20 verbose headers   age: '144',
20 verbose headers   connection: 'close',
20 verbose headers   'x-served-by': 'cache-jfk8126-JFK',
20 verbose headers   'x-cache': 'HIT',
20 verbose headers   'x-cache-hits': '1',
20 verbose headers   'x-timer': 'S1476904946.680899,VS0,VE1',
20 verbose headers   vary: 'Accept-Encoding' }
21 silly get cb [ 200,
21 silly get   { server: 'CouchDB/1.6.1 (Erlang OTP/R16B03)',
21 silly get     etag: '"3JBC170AG431APLT8LIHQU7R3"',
21 silly get     'content-type': 'application/json',
21 silly get     'content-encoding': 'gzip',
21 silly get     'cache-control': 'max-age=300',
21 silly get     'content-length': '76660',
21 silly get     'accept-ranges': 'bytes',
21 silly get     date: 'Wed, 19 Oct 2016 19:22:26 GMT',
21 silly get     via: '1.1 varnish',
21 silly get     age: '144',
21 silly get     connection: 'close',
21 silly get     'x-served-by': 'cache-jfk8126-JFK',
21 silly get     'x-cache': 'HIT',
21 silly get     'x-cache-hits': '1',
21 silly get     'x-timer': 'S1476904946.680899,VS0,VE1',
21 silly get     vary: 'Accept-Encoding' } ]
22 verbose get saving typescript to /home/ra27178/.npm/registry.npmjs.org/typescript/.cache.json
23 silly install normalizeTree
24 silly loadCurrentTree Finishing
25 silly loadIdealTree Starting
26 silly install loadIdealTree
27 silly cloneCurrentTree Starting
28 silly install cloneCurrentTreeToIdealTree
29 silly cloneCurrentTree Finishing
30 silly loadShrinkwrap Starting
31 silly install loadShrinkwrap
32 silly loadShrinkwrap Finishing
33 silly loadAllDepsIntoIdealTree Starting
34 silly install loadAllDepsIntoIdealTree
35 silly resolveWithNewModule typescript@2.0.3 checking installable status
36 silly cache add args [ 'typescript', null ]
37 verbose cache add spec typescript
38 silly cache add parsed spec Result {
38 silly cache add   raw: 'typescript',
38 silly cache add   scope: null,
38 silly cache add   name: 'typescript',
38 silly cache add   rawSpec: '',
38 silly cache add   spec: 'latest',
38 silly cache add   type: 'tag' }
39 silly addNamed typescript@latest
40 verbose addNamed "latest" is being treated as a dist-tag for typescript
41 info addNameTag [ 'typescript', 'latest' ]
42 silly mapToRegistry name typescript
43 silly mapToRegistry using default registry
44 silly mapToRegistry registry https://registry.npmjs.org/
45 silly mapToRegistry uri https://registry.npmjs.org/typescript
46 verbose addNameTag registry:https://registry.npmjs.org/typescript not in flight; fetching
47 verbose get https://registry.npmjs.org/typescript not expired, no request
48 silly addNameTag next cb for typescript with tag latest
49 silly addNamed typescript@2.0.3
50 verbose addNamed "2.0.3" is a plain semver version for typescript
51 silly cache afterAdd typescript@2.0.3
52 verbose afterAdd /home/ra27178/.npm/typescript/2.0.3/package/package.json not in flight; writing
53 verbose afterAdd /home/ra27178/.npm/typescript/2.0.3/package/package.json written
54 silly loadAllDepsIntoIdealTree Finishing
55 silly idealTree:prePrune lib
55 silly idealTree:prePrune └── typescript@2.0.3
56 silly loadIdealTree Finishing
57 silly currentTree lib
58 silly idealTree lib
58 silly idealTree └── typescript@2.0.3
59 silly generateActionsToTake Starting
60 silly install generateActionsToTake
61 warn checkPermissions Missing write access to /usr/local/lib
62 silly rollbackFailedOptional Starting
63 silly rollbackFailedOptional Finishing
64 silly runTopLevelLifecycles Starting
65 silly runTopLevelLifecycles Finishing
66 silly install printInstalled
67 verbose stack Error: EACCES: permission denied, access '/usr/local/lib'
67 verbose stack     at Error (native)
68 verbose cwd /home/ra27178/angular-tour-of-heroes
69 error Linux 4.4.0-31-generic
70 error argv "/usr/bin/nodejs" "/usr/bin/npm" "install" "-g" "typescript"
71 error node v4.2.6
72 error npm  v3.5.2
73 error path /usr/local/lib
74 error code EACCES
75 error errno -13
76 error syscall access
77 error Error: EACCES: permission denied, access '/usr/local/lib'
77 error     at Error (native)
77 error  { [Error: EACCES: permission denied, access '/usr/local/lib']
77 error   errno: -13,
77 error   code: 'EACCES',
77 error   syscall: 'access',
77 error   path: '/usr/local/lib' }
78 error Please try running this command again as root/Administrator.
79 verbose exit [ -13, true ]
